<?xml version="1.0" encoding="UTF-8"?>
<!-- Generated by org.testng.reporters.JUnitXMLReporter -->
<testsuite ignored="0" hostname="TRAFIQUE2-NB" failures="1" tests="3" name="Error Validation Tests" time="38.729" errors="0" timestamp="2025-06-01T08:17:10 CEST">
  <testcase classname="tests.ErrorValidationsTest" name="loginErrorValidation" time="1.445">
    <skipped/>
  </testcase> <!-- loginErrorValidation -->
  <testcase classname="tests.ErrorValidationsTest" name="loginErrorValidation" time="1.422">
    <failure type="java.lang.AssertionError" message="expected [Incorrect email oir password.] but found [Incorrect email or password.]">
      <![CDATA[java.lang.AssertionError: expected [Incorrect email oir password.] but found [Incorrect email or password.]
at tests.ErrorValidationsTest.loginErrorValidation(ErrorValidationsTest.java:28)
at java.base/java.util.ArrayList.forEach(ArrayList.java:1596)
at java.base/java.util.concurrent.FutureTask.run(FutureTask.java:317)
at java.base/java.util.concurrent.ThreadPoolExecutor.runWorker(ThreadPoolExecutor.java:1144)
at java.base/java.util.concurrent.ThreadPoolExecutor$Worker.run(ThreadPoolExecutor.java:642)
at java.base/java.lang.Thread.run(Thread.java:1583)
... Removed 21 stack frames]]>
    </failure>
  </testcase> <!-- loginErrorValidation -->
  <testcase classname="tests.ErrorValidationsTest" name="productErrorValidation" time="4.446"/>
</testsuite> <!-- Error Validation Tests -->
